<?xml version="1.0" encoding="UTF-8"?>
<testsuite xmlns:xsi="http://www.w3.org/2001/XMLSchema-instance" xsi:noNamespaceSchemaLocation="https://maven.apache.org/surefire/maven-surefire-plugin/xsd/surefire-test-report.xsd" name="UserMapperTest" time="2.49" tests="1" errors="0" skipped="0" failures="0">
  <properties>
    <property name="user.variant" value=""/>
    <property name="java.vm.info" value="mixed mode"/>
    <property name="file.encoding.pkg" value="sun.io"/>
    <property name="file.encoding" value="GBK"/>
    <property name="java.specification.name" value="Java Platform API Specification"/>
    <property name="sun.os.patch.level" value=""/>
    <property name="user.dir" value="G:\idea.ssm\ssm01"/>
    <property name="line.separator" value="&#10;"/>
    <property name="java.home" value="C:\Program Files\Java\jdk1.7.0_80\jre"/>
    <property name="user.name" value="沫凌"/>
    <property name="sun.boot.library.path" value="C:\Program Files\Java\jdk1.7.0_80\jre\bin"/>
    <property name="user.home" value="C:\Users\沫凌"/>
    <property name="localRepository" value="E:\apache-maven-3.5.4-bin\jar"/>
    <property name="sun.java.launcher" value="SUN_STANDARD"/>
    <property name="java.class.version" value="51.0"/>
    <property name="user.language" value="zh"/>
    <property name="java.vendor.url.bug" value="http://bugreport.sun.com/bugreport/"/>
    <property name="sun.jnu.encoding" value="GBK"/>
    <property name="java.io.tmpdir" value="C:\Users\沫凌\AppData\Local\Temp\"/>
    <property name="java.specification.vendor" value="Oracle Corporation"/>
    <property name="file.separator" value="\"/>
    <property name="java.class.path" value="G:\idea.ssm\ssm01\target\test-classes;G:\idea.ssm\ssm01\target\classes;E:\apache-maven-3.5.4-bin\jar\junit\junit\4.11\junit-4.11.jar;E:\apache-maven-3.5.4-bin\jar\org\hamcrest\hamcrest-core\1.3\hamcrest-core-1.3.jar;E:\apache-maven-3.5.4-bin\jar\org\mybatis\mybatis\3.2.8\mybatis-3.2.8.jar;E:\apache-maven-3.5.4-bin\jar\org\mybatis\mybatis-spring\1.2.2\mybatis-spring-1.2.2.jar;E:\apache-maven-3.5.4-bin\jar\commons-logging\commons-logging\1.2\commons-logging-1.2.jar;E:\apache-maven-3.5.4-bin\jar\org\springframework\spring-webmvc\3.2.0.RELEASE\spring-webmvc-3.2.0.RELEASE.jar;E:\apache-maven-3.5.4-bin\jar\org\springframework\spring-core\3.2.0.RELEASE\spring-core-3.2.0.RELEASE.jar;E:\apache-maven-3.5.4-bin\jar\org\springframework\spring-beans\3.2.0.RELEASE\spring-beans-3.2.0.RELEASE.jar;E:\apache-maven-3.5.4-bin\jar\org\springframework\spring-context\3.2.0.RELEASE\spring-context-3.2.0.RELEASE.jar;E:\apache-maven-3.5.4-bin\jar\org\springframework\spring-expression\3.2.0.RELEASE\spring-expression-3.2.0.RELEASE.jar;E:\apache-maven-3.5.4-bin\jar\org\springframework\spring-context-support\3.2.0.RELEASE\spring-context-support-3.2.0.RELEASE.jar;E:\apache-maven-3.5.4-bin\jar\org\springframework\spring-tx\3.2.0.RELEASE\spring-tx-3.2.0.RELEASE.jar;E:\apache-maven-3.5.4-bin\jar\org\springframework\spring-web\3.2.0.RELEASE\spring-web-3.2.0.RELEASE.jar;E:\apache-maven-3.5.4-bin\jar\org\springframework\spring-jdbc\3.2.0.RELEASE\spring-jdbc-3.2.0.RELEASE.jar;E:\apache-maven-3.5.4-bin\jar\org\springframework\spring-aop\3.2.0.RELEASE\spring-aop-3.2.0.RELEASE.jar;E:\apache-maven-3.5.4-bin\jar\aopalliance\aopalliance\1.0\aopalliance-1.0.jar;E:\apache-maven-3.5.4-bin\jar\org\springframework\spring-aspects\3.2.0.RELEASE\spring-aspects-3.2.0.RELEASE.jar;E:\apache-maven-3.5.4-bin\jar\org\aspectj\aspectjweaver\1.7.1\aspectjweaver-1.7.1.jar;E:\apache-maven-3.5.4-bin\jar\cglib\cglib\2.1_3\cglib-2.1_3.jar;E:\apache-maven-3.5.4-bin\jar\asm\asm\1.5.3\asm-1.5.3.jar;E:\apache-maven-3.5.4-bin\jar\javax\servlet\javax.servlet-api\3.0.1\javax.servlet-api-3.0.1.jar;E:\apache-maven-3.5.4-bin\jar\javax\servlet\jsp\jsp-api\2.2\jsp-api-2.2.jar;E:\apache-maven-3.5.4-bin\jar\mysql\mysql-connector-java\5.1.30\mysql-connector-java-5.1.30.jar;E:\apache-maven-3.5.4-bin\jar\c3p0\c3p0\0.9.1.2\c3p0-0.9.1.2.jar;E:\apache-maven-3.5.4-bin\jar\jstl\jstl\1.2\jstl-1.2.jar;E:\apache-maven-3.5.4-bin\jar\log4j\log4j\1.2.17\log4j-1.2.17.jar;E:\apache-maven-3.5.4-bin\jar\com\alibaba\fastjson\1.1.41\fastjson-1.1.41.jar;E:\apache-maven-3.5.4-bin\jar\org\slf4j\slf4j-api\1.7.7\slf4j-api-1.7.7.jar;E:\apache-maven-3.5.4-bin\jar\org\slf4j\slf4j-log4j12\1.7.7\slf4j-log4j12-1.7.7.jar;E:\apache-maven-3.5.4-bin\jar\org\codehaus\jackson\jackson-mapper-asl\1.9.13\jackson-mapper-asl-1.9.13.jar;E:\apache-maven-3.5.4-bin\jar\org\codehaus\jackson\jackson-core-asl\1.9.13\jackson-core-asl-1.9.13.jar;E:\apache-maven-3.5.4-bin\jar\com\fasterxml\jackson\core\jackson-databind\2.1.0\jackson-databind-2.1.0.jar;E:\apache-maven-3.5.4-bin\jar\com\fasterxml\jackson\core\jackson-core\2.1.0\jackson-core-2.1.0.jar;E:\apache-maven-3.5.4-bin\jar\com\fasterxml\jackson\core\jackson-annotations\2.1.0\jackson-annotations-2.1.0.jar;E:\apache-maven-3.5.4-bin\jar\commons-fileupload\commons-fileupload\1.3.1\commons-fileupload-1.3.1.jar;E:\apache-maven-3.5.4-bin\jar\commons-io\commons-io\2.4\commons-io-2.4.jar;E:\apache-maven-3.5.4-bin\jar\commons-codec\commons-codec\1.9\commons-codec-1.9.jar;E:\apache-maven-3.5.4-bin\jar\org\springframework\spring-test\4.1.7.RELEASE\spring-test-4.1.7.RELEASE.jar;"/>
    <property name="java.vm.vendor" value="Oracle Corporation"/>
    <property name="sun.cpu.endian" value="little"/>
    <property name="java.vm.specification.vendor" value="Oracle Corporation"/>
    <property name="java.specification.version" value="1.7"/>
    <property name="user.script" value=""/>
    <property name="awt.toolkit" value="sun.awt.windows.WToolkit"/>
    <property name="sun.java.command" value="C:\Users\沫凌\AppData\Local\Temp\surefire7546981550129425519\surefirebooter4963395654981722813.jar C:\Users\沫凌\AppData\Local\Temp\surefire7546981550129425519 2018-12-30T10-43-32_663-jvmRun1 surefire7993832762970702906tmp surefire_08138132580724692825tmp"/>
    <property name="user.timezone" value=""/>
    <property name="surefire.test.class.path" value="G:\idea.ssm\ssm01\target\test-classes;G:\idea.ssm\ssm01\target\classes;E:\apache-maven-3.5.4-bin\jar\junit\junit\4.11\junit-4.11.jar;E:\apache-maven-3.5.4-bin\jar\org\hamcrest\hamcrest-core\1.3\hamcrest-core-1.3.jar;E:\apache-maven-3.5.4-bin\jar\org\mybatis\mybatis\3.2.8\mybatis-3.2.8.jar;E:\apache-maven-3.5.4-bin\jar\org\mybatis\mybatis-spring\1.2.2\mybatis-spring-1.2.2.jar;E:\apache-maven-3.5.4-bin\jar\commons-logging\commons-logging\1.2\commons-logging-1.2.jar;E:\apache-maven-3.5.4-bin\jar\org\springframework\spring-webmvc\3.2.0.RELEASE\spring-webmvc-3.2.0.RELEASE.jar;E:\apache-maven-3.5.4-bin\jar\org\springframework\spring-core\3.2.0.RELEASE\spring-core-3.2.0.RELEASE.jar;E:\apache-maven-3.5.4-bin\jar\org\springframework\spring-beans\3.2.0.RELEASE\spring-beans-3.2.0.RELEASE.jar;E:\apache-maven-3.5.4-bin\jar\org\springframework\spring-context\3.2.0.RELEASE\spring-context-3.2.0.RELEASE.jar;E:\apache-maven-3.5.4-bin\jar\org\springframework\spring-expression\3.2.0.RELEASE\spring-expression-3.2.0.RELEASE.jar;E:\apache-maven-3.5.4-bin\jar\org\springframework\spring-context-support\3.2.0.RELEASE\spring-context-support-3.2.0.RELEASE.jar;E:\apache-maven-3.5.4-bin\jar\org\springframework\spring-tx\3.2.0.RELEASE\spring-tx-3.2.0.RELEASE.jar;E:\apache-maven-3.5.4-bin\jar\org\springframework\spring-web\3.2.0.RELEASE\spring-web-3.2.0.RELEASE.jar;E:\apache-maven-3.5.4-bin\jar\org\springframework\spring-jdbc\3.2.0.RELEASE\spring-jdbc-3.2.0.RELEASE.jar;E:\apache-maven-3.5.4-bin\jar\org\springframework\spring-aop\3.2.0.RELEASE\spring-aop-3.2.0.RELEASE.jar;E:\apache-maven-3.5.4-bin\jar\aopalliance\aopalliance\1.0\aopalliance-1.0.jar;E:\apache-maven-3.5.4-bin\jar\org\springframework\spring-aspects\3.2.0.RELEASE\spring-aspects-3.2.0.RELEASE.jar;E:\apache-maven-3.5.4-bin\jar\org\aspectj\aspectjweaver\1.7.1\aspectjweaver-1.7.1.jar;E:\apache-maven-3.5.4-bin\jar\cglib\cglib\2.1_3\cglib-2.1_3.jar;E:\apache-maven-3.5.4-bin\jar\asm\asm\1.5.3\asm-1.5.3.jar;E:\apache-maven-3.5.4-bin\jar\javax\servlet\javax.servlet-api\3.0.1\javax.servlet-api-3.0.1.jar;E:\apache-maven-3.5.4-bin\jar\javax\servlet\jsp\jsp-api\2.2\jsp-api-2.2.jar;E:\apache-maven-3.5.4-bin\jar\mysql\mysql-connector-java\5.1.30\mysql-connector-java-5.1.30.jar;E:\apache-maven-3.5.4-bin\jar\c3p0\c3p0\0.9.1.2\c3p0-0.9.1.2.jar;E:\apache-maven-3.5.4-bin\jar\jstl\jstl\1.2\jstl-1.2.jar;E:\apache-maven-3.5.4-bin\jar\log4j\log4j\1.2.17\log4j-1.2.17.jar;E:\apache-maven-3.5.4-bin\jar\com\alibaba\fastjson\1.1.41\fastjson-1.1.41.jar;E:\apache-maven-3.5.4-bin\jar\org\slf4j\slf4j-api\1.7.7\slf4j-api-1.7.7.jar;E:\apache-maven-3.5.4-bin\jar\org\slf4j\slf4j-log4j12\1.7.7\slf4j-log4j12-1.7.7.jar;E:\apache-maven-3.5.4-bin\jar\org\codehaus\jackson\jackson-mapper-asl\1.9.13\jackson-mapper-asl-1.9.13.jar;E:\apache-maven-3.5.4-bin\jar\org\codehaus\jackson\jackson-core-asl\1.9.13\jackson-core-asl-1.9.13.jar;E:\apache-maven-3.5.4-bin\jar\com\fasterxml\jackson\core\jackson-databind\2.1.0\jackson-databind-2.1.0.jar;E:\apache-maven-3.5.4-bin\jar\com\fasterxml\jackson\core\jackson-core\2.1.0\jackson-core-2.1.0.jar;E:\apache-maven-3.5.4-bin\jar\com\fasterxml\jackson\core\jackson-annotations\2.1.0\jackson-annotations-2.1.0.jar;E:\apache-maven-3.5.4-bin\jar\commons-fileupload\commons-fileupload\1.3.1\commons-fileupload-1.3.1.jar;E:\apache-maven-3.5.4-bin\jar\commons-io\commons-io\2.4\commons-io-2.4.jar;E:\apache-maven-3.5.4-bin\jar\commons-codec\commons-codec\1.9\commons-codec-1.9.jar;E:\apache-maven-3.5.4-bin\jar\org\springframework\spring-test\4.1.7.RELEASE\spring-test-4.1.7.RELEASE.jar;"/>
    <property name="java.runtime.version" value="1.7.0_80-b15"/>
    <property name="java.vendor" value="Oracle Corporation"/>
    <property name="sun.management.compiler" value="HotSpot 64-Bit Tiered Compilers"/>
    <property name="sun.arch.data.model" value="64"/>
    <property name="os.arch" value="amd64"/>
    <property name="sun.io.unicode.encoding" value="UnicodeLittle"/>
    <property name="java.awt.printerjob" value="sun.awt.windows.WPrinterJob"/>
    <property name="path.separator" value=";"/>
    <property name="java.runtime.name" value="Java(TM) SE Runtime Environment"/>
    <property name="java.vendor.url" value="http://java.oracle.com/"/>
    <property name="sun.boot.class.path" value="C:\Program Files\Java\jdk1.7.0_80\jre\lib\resources.jar;C:\Program Files\Java\jdk1.7.0_80\jre\lib\rt.jar;C:\Program Files\Java\jdk1.7.0_80\jre\lib\sunrsasign.jar;C:\Program Files\Java\jdk1.7.0_80\jre\lib\jsse.jar;C:\Program Files\Java\jdk1.7.0_80\jre\lib\jce.jar;C:\Program Files\Java\jdk1.7.0_80\jre\lib\charsets.jar;C:\Program Files\Java\jdk1.7.0_80\jre\lib\jfr.jar;C:\Program Files\Java\jdk1.7.0_80\jre\classes"/>
    <property name="surefire.real.class.path" value="C:\Users\沫凌\AppData\Local\Temp\surefire7546981550129425519\surefirebooter4963395654981722813.jar"/>
    <property name="java.endorsed.dirs" value="C:\Program Files\Java\jdk1.7.0_80\jre\lib\endorsed"/>
    <property name="sun.desktop" value="windows"/>
    <property name="idea.version" value="2018.1.6"/>
    <property name="java.vm.version" value="24.80-b11"/>
    <property name="os.name" value="Windows 8.1"/>
    <property name="java.vm.specification.version" value="1.7"/>
    <property name="sun.cpu.isalist" value="amd64"/>
    <property name="java.version" value="1.7.0_80"/>
    <property name="java.vm.specification.name" value="Java Virtual Machine Specification"/>
    <property name="java.ext.dirs" value="C:\Program Files\Java\jdk1.7.0_80\jre\lib\ext;C:\WINDOWS\Sun\Java\lib\ext"/>
    <property name="os.version" value="6.3"/>
    <property name="basedir" value="G:\idea.ssm\ssm01"/>
    <property name="java.library.path" value="C:\Program Files\Java\jdk1.7.0_80\jre\bin;C:\WINDOWS\Sun\Java\bin;C:\WINDOWS\system32;C:\WINDOWS;C:\Program Files\Java\jdk1.8.0_181\bin;&quot;C:\WINDOWS\system32 ;&quot;;C:\WINDOWS;C:\WINDOWS\System32\Wbem;C:\WINDOWS\System32\WindowsPowerShell\v1.0\;C:\WINDOWS\system32;C:\WINDOWS\System32\OpenSSH\;C:\Program Files\Microsoft VS Code\bin;E:\apache-maven-3.5.4-bin\apache-maven-3.5.4\bin;E:\mysql-5.6.41-winx64\bin;C:\Program Files\nodejs\;C:\Program Files\Git\cmd;E:\Python;C:\Users\沫凌\AppData\Local\Microsoft\WindowsApps;C:\Program Files\Microsoft VS Code\bin;C:\Users\沫凌\AppData\Roaming\npm;E:\WebStorm 183.4588.47\bin;;."/>
    <property name="java.awt.graphicsenv" value="sun.awt.Win32GraphicsEnvironment"/>
    <property name="java.vm.name" value="Java HotSpot(TM) 64-Bit Server VM"/>
    <property name="user.country" value="CN"/>
  </properties>
  <testcase name="testfindUserByName" classname="UserMapperTest" time="2.447"/>
</testsuite>